TN:
SF:src/retry-handler.ts
FN:34,(anonymous_0)
FN:41,(anonymous_1)
FN:44,(anonymous_2)
FN:52,(anonymous_3)
FN:61,(anonymous_4)
FN:62,(anonymous_5)
FN:68,(anonymous_6)
FN:109,(anonymous_7)
FN:131,(anonymous_8)
FN:138,(anonymous_9)
FN:148,(anonymous_10)
FN:158,(anonymous_11)
FN:168,(anonymous_12)
FN:191,(anonymous_14)
FN:212,(anonymous_15)
FN:228,(anonymous_16)
FN:241,(anonymous_17)
FN:248,(anonymous_18)
FN:263,(anonymous_19)
FN:282,(anonymous_20)
FN:301,(anonymous_21)
FN:304,(anonymous_22)
FN:305,(anonymous_23)
FN:329,(anonymous_24)
FN:346,(anonymous_25)
FN:353,(anonymous_26)
FNF:26
FNH:11
FNDA:6,(anonymous_0)
FNDA:4,(anonymous_1)
FNDA:20,(anonymous_2)
FNDA:3,(anonymous_3)
FNDA:3,(anonymous_4)
FNDA:3,(anonymous_5)
FNDA:4,(anonymous_6)
FNDA:0,(anonymous_7)
FNDA:0,(anonymous_8)
FNDA:0,(anonymous_9)
FNDA:0,(anonymous_10)
FNDA:0,(anonymous_11)
FNDA:0,(anonymous_12)
FNDA:3,(anonymous_14)
FNDA:0,(anonymous_15)
FNDA:5,(anonymous_16)
FNDA:3,(anonymous_17)
FNDA:1,(anonymous_18)
FNDA:0,(anonymous_19)
FNDA:0,(anonymous_20)
FNDA:0,(anonymous_21)
FNDA:0,(anonymous_22)
FNDA:0,(anonymous_23)
FNDA:0,(anonymous_24)
FNDA:0,(anonymous_25)
FNDA:0,(anonymous_26)
DA:14,1
DA:31,1
DA:35,6
DA:42,4
DA:44,4
DA:45,20
DA:54,3
DA:55,3
DA:62,3
DA:74,4
DA:75,7
DA:76,7
DA:78,5
DA:81,5
DA:82,1
DA:86,4
DA:87,1
DA:91,3
DA:92,3
DA:96,3
DA:101,1
DA:114,0
DA:115,0
DA:117,0
DA:118,0
DA:120,0
DA:128,1
DA:132,0
DA:142,0
DA:152,0
DA:162,0
DA:169,0
DA:176,1
DA:177,3
DA:178,3
DA:179,3
DA:180,3
DA:183,3
DA:184,3
DA:185,3
DA:192,3
DA:193,2
DA:196,1
DA:197,1
DA:198,0
DA:199,0
DA:200,0
DA:202,1
DA:206,0
DA:213,0
DA:215,0
DA:216,0
DA:218,0
DA:219,0
DA:220,0
DA:229,5
DA:230,5
DA:232,5
DA:233,1
DA:234,1
DA:242,3
DA:249,1
DA:250,1
DA:251,1
DA:252,1
DA:259,1
DA:271,0
DA:272,0
DA:290,0
DA:292,0
DA:293,0
DA:296,0
DA:298,0
DA:299,0
DA:301,0
DA:302,0
DA:304,0
DA:305,0
DA:308,0
DA:311,0
DA:312,0
DA:313,0
DA:317,0
DA:319,0
DA:321,0
DA:322,0
DA:329,0
DA:330,0
DA:331,0
DA:333,0
DA:336,0
DA:338,0
DA:339,0
DA:347,0
DA:354,0
LF:95
LH:46
BRDA:34,0,0,3
BRDA:81,1,0,1
BRDA:86,2,0,1
BRDA:93,3,0,0
BRDA:93,3,1,3
BRDA:102,4,0,0
BRDA:102,4,1,1
BRDA:131,5,0,0
BRDA:140,6,0,0
BRDA:150,7,0,0
BRDA:160,8,0,0
BRDA:183,9,0,0
BRDA:184,10,0,0
BRDA:185,11,0,0
BRDA:192,12,0,2
BRDA:196,13,0,1
BRDA:197,14,0,0
BRDA:215,15,0,0
BRDA:218,16,0,0
BRDA:232,17,0,1
BRDA:264,18,0,0
BRDA:284,19,0,0
BRDA:290,20,0,0
BRDA:290,21,0,0
BRDA:290,22,0,0
BRDA:292,23,0,0
BRDA:299,24,0,0
BRDA:299,24,1,0
BRDA:321,25,0,0
BRDA:330,26,0,0
BRDA:330,26,1,0
BRF:31
BRH:8
end_of_record
